<?xml version="1.0" encoding="UTF-8"?>
<testsuite name="database.relationship.OneToManyTest" tests="24" skipped="0" failures="0" errors="0" timestamp="2021-05-15T17:24:18" hostname="Tims-MBP" time="0.265">
  <properties/>
  <testcase name="aTestOneToManyNoCascade[0]" classname="database.relationship.OneToManyTest" time="0.01"/>
  <testcase name="bTestOneToManyCascade[0]" classname="database.relationship.OneToManyTest" time="0.006"/>
  <testcase name="cTestOneToManyCascadeInverse[0]" classname="database.relationship.OneToManyTest" time="0.003"/>
  <testcase name="dTestOneToManyNoCascade[0]" classname="database.relationship.OneToManyTest" time="0.002"/>
  <testcase name="eTestOneToManyNoCascadeNoInverse[0]" classname="database.relationship.OneToManyTest" time="0.003"/>
  <testcase name="fTestOneToManyNoCascadeNoInverse[0]" classname="database.relationship.OneToManyTest" time="0.003"/>
  <testcase name="fTestOneToManyRemoveHasMultiple[0]" classname="database.relationship.OneToManyTest" time="0.004"/>
  <testcase name="gTestOneToManyRemoveHasMultiple[0]" classname="database.relationship.OneToManyTest" time="0.002"/>
  <testcase name="aTestOneToManyNoCascade[1]" classname="database.relationship.OneToManyTest" time="0.012"/>
  <testcase name="bTestOneToManyCascade[1]" classname="database.relationship.OneToManyTest" time="0.013"/>
  <testcase name="cTestOneToManyCascadeInverse[1]" classname="database.relationship.OneToManyTest" time="0.009"/>
  <testcase name="dTestOneToManyNoCascade[1]" classname="database.relationship.OneToManyTest" time="0.012"/>
  <testcase name="eTestOneToManyNoCascadeNoInverse[1]" classname="database.relationship.OneToManyTest" time="0.01"/>
  <testcase name="fTestOneToManyNoCascadeNoInverse[1]" classname="database.relationship.OneToManyTest" time="0.01"/>
  <testcase name="fTestOneToManyRemoveHasMultiple[1]" classname="database.relationship.OneToManyTest" time="0.011"/>
  <testcase name="gTestOneToManyRemoveHasMultiple[1]" classname="database.relationship.OneToManyTest" time="0.01"/>
  <testcase name="aTestOneToManyNoCascade[2]" classname="database.relationship.OneToManyTest" time="0.01"/>
  <testcase name="bTestOneToManyCascade[2]" classname="database.relationship.OneToManyTest" time="0.018"/>
  <testcase name="cTestOneToManyCascadeInverse[2]" classname="database.relationship.OneToManyTest" time="0.01"/>
  <testcase name="dTestOneToManyNoCascade[2]" classname="database.relationship.OneToManyTest" time="0.022"/>
  <testcase name="eTestOneToManyNoCascadeNoInverse[2]" classname="database.relationship.OneToManyTest" time="0.017"/>
  <testcase name="fTestOneToManyNoCascadeNoInverse[2]" classname="database.relationship.OneToManyTest" time="0.019"/>
  <testcase name="fTestOneToManyRemoveHasMultiple[2]" classname="database.relationship.OneToManyTest" time="0.014"/>
  <testcase name="gTestOneToManyRemoveHasMultiple[2]" classname="database.relationship.OneToManyTest" time="0.025"/>
  <system-out><![CDATA[]]></system-out>
  <system-err><![CDATA[]]></system-err>
</testsuite>
