<?xml version="1.0" encoding="UTF-8"?>
<testsuite name="database.query.LazyQueryTest" tests="18" skipped="0" failures="0" errors="0" timestamp="2021-05-15T17:25:38" hostname="Tims-MBP" time="0.259">
  <properties/>
  <testcase name="testLazyQueryFirstRowOOB[0]" classname="database.query.LazyQueryTest" time="0.017"/>
  <testcase name="testLazyQueryMaxResultsWithFirst[0]" classname="database.query.LazyQueryTest" time="0.005"/>
  <testcase name="testLazyQueryAtMax[0]" classname="database.query.LazyQueryTest" time="0.005"/>
  <testcase name="testLazyQueryFirstRow[0]" classname="database.query.LazyQueryTest" time="0.007"/>
  <testcase name="testLazyQuery[0]" classname="database.query.LazyQueryTest" time="0.012"/>
  <testcase name="testLazyQueryFirstRowOOBWithMaxResults[0]" classname="database.query.LazyQueryTest" time="0.004"/>
  <testcase name="testLazyQueryFirstRowOOB[1]" classname="database.query.LazyQueryTest" time="0.037"/>
  <testcase name="testLazyQueryMaxResultsWithFirst[1]" classname="database.query.LazyQueryTest" time="0.022"/>
  <testcase name="testLazyQueryAtMax[1]" classname="database.query.LazyQueryTest" time="0.018"/>
  <testcase name="testLazyQueryFirstRow[1]" classname="database.query.LazyQueryTest" time="0.028"/>
  <testcase name="testLazyQuery[1]" classname="database.query.LazyQueryTest" time="0.016"/>
  <testcase name="testLazyQueryFirstRowOOBWithMaxResults[1]" classname="database.query.LazyQueryTest" time="0.019"/>
  <testcase name="testLazyQueryFirstRowOOB[2]" classname="database.query.LazyQueryTest" time="0.015"/>
  <testcase name="testLazyQueryMaxResultsWithFirst[2]" classname="database.query.LazyQueryTest" time="0.011"/>
  <testcase name="testLazyQueryAtMax[2]" classname="database.query.LazyQueryTest" time="0.008"/>
  <testcase name="testLazyQueryFirstRow[2]" classname="database.query.LazyQueryTest" time="0.013"/>
  <testcase name="testLazyQuery[2]" classname="database.query.LazyQueryTest" time="0.012"/>
  <testcase name="testLazyQueryFirstRowOOBWithMaxResults[2]" classname="database.query.LazyQueryTest" time="0.007"/>
  <system-out><![CDATA[]]></system-out>
  <system-err><![CDATA[]]></system-err>
</testsuite>
