<?xml version="1.0" encoding="UTF-8"?>
<testsuite name="diskmap.NamedObjectMapTest" tests="5" skipped="0" failures="0" errors="0" timestamp="2021-05-15T17:27:56" hostname="Tims-MBP" time="0.008">
  <properties/>
  <testcase name="testMap" classname="diskmap.NamedObjectMapTest" time="0.004"/>
  <testcase name="testSet" classname="diskmap.NamedObjectMapTest" time="0.001"/>
  <testcase name="testHashSet" classname="diskmap.NamedObjectMapTest" time="0.001"/>
  <testcase name="testPushObject" classname="diskmap.NamedObjectMapTest" time="0.002"/>
  <testcase name="testNullObject" classname="diskmap.NamedObjectMapTest" time="0.0"/>
  <system-out><![CDATA[]]></system-out>
  <system-err><![CDATA[]]></system-err>
</testsuite>
