<?xml version="1.0" encoding="UTF-8"?>
<testsuite name="database.TestEncryptedDatabase" tests="3" skipped="0" failures="0" errors="0" timestamp="2021-05-15T17:23:49" hostname="Tims-MBP" time="0.242">
  <properties/>
  <testcase name="Test File Channel store is Encrypted" classname="database.TestEncryptedDatabase" time="0.137"/>
  <testcase name="Test Memory Mapped store is Encrypted" classname="database.TestEncryptedDatabase" time="0.061"/>
  <testcase name="Test Database is Encrypted" classname="database.TestEncryptedDatabase" time="0.04"/>
  <system-out><![CDATA[]]></system-out>
  <system-err><![CDATA[]]></system-err>
</testsuite>
