<?xml version="1.0" encoding="UTF-8"?>
<testsuite name="database.list.OneToManyRelationshipEqualsTest" tests="12" skipped="0" failures="0" errors="0" timestamp="2021-05-15T17:24:21" hostname="Tims-MBP" time="0.099">
  <properties/>
  <testcase name="testOneToManyInCriteriaRelationship[0]" classname="database.list.OneToManyRelationshipEqualsTest" time="0.004"/>
  <testcase name="testOneToOneHasRelationshipMeetsOne[0]" classname="database.list.OneToManyRelationshipEqualsTest" time="0.002"/>
  <testcase name="testOneToOneHasRelationship[0]" classname="database.list.OneToManyRelationshipEqualsTest" time="0.003"/>
  <testcase name="testOneToOneNoMeetCriteriaRelationship[0]" classname="database.list.OneToManyRelationshipEqualsTest" time="0.002"/>
  <testcase name="testOneToManyInCriteriaRelationship[1]" classname="database.list.OneToManyRelationshipEqualsTest" time="0.008"/>
  <testcase name="testOneToOneHasRelationshipMeetsOne[1]" classname="database.list.OneToManyRelationshipEqualsTest" time="0.009"/>
  <testcase name="testOneToOneHasRelationship[1]" classname="database.list.OneToManyRelationshipEqualsTest" time="0.008"/>
  <testcase name="testOneToOneNoMeetCriteriaRelationship[1]" classname="database.list.OneToManyRelationshipEqualsTest" time="0.01"/>
  <testcase name="testOneToManyInCriteriaRelationship[2]" classname="database.list.OneToManyRelationshipEqualsTest" time="0.012"/>
  <testcase name="testOneToOneHasRelationshipMeetsOne[2]" classname="database.list.OneToManyRelationshipEqualsTest" time="0.018"/>
  <testcase name="testOneToOneHasRelationship[2]" classname="database.list.OneToManyRelationshipEqualsTest" time="0.012"/>
  <testcase name="testOneToOneNoMeetCriteriaRelationship[2]" classname="database.list.OneToManyRelationshipEqualsTest" time="0.009"/>
  <system-out><![CDATA[]]></system-out>
  <system-err><![CDATA[]]></system-err>
</testsuite>
