<?xml version="1.0" encoding="UTF-8"?>
<testsuite name="database.partition.IdentifierScanPartitionTest" tests="33" skipped="0" failures="0" errors="0" timestamp="2021-05-15T17:24:28" hostname="Tims-MBP" time="0.543">
  <properties/>
  <testcase name="bTestDeleteQueryPartitionEntityWithIndex[0]" classname="database.partition.IdentifierScanPartitionTest" time="0.018"/>
  <testcase name="bTestDeleteQueryPartitionEntityWithIndexNoDefinedPartitionInQuery[0]" classname="database.partition.IdentifierScanPartitionTest" time="0.009"/>
  <testcase name="bTestQueryPartitionEntityWithIndex[0]" classname="database.partition.IdentifierScanPartitionTest" time="0.008"/>
  <testcase name="bTestQueryPartitionEntityWithIndexNoDefinedPartitionInQuery[0]" classname="database.partition.IdentifierScanPartitionTest" time="0.005"/>
  <testcase name="bTestUpdatePartitionField[0]" classname="database.partition.IdentifierScanPartitionTest" time="0.013"/>
  <testcase name="bTestUpdateQueryPartitionEntityWithIndex[0]" classname="database.partition.IdentifierScanPartitionTest" time="0.009"/>
  <testcase name="cTestQueryFindQueryPartitionEntityWithIndex[0]" classname="database.partition.IdentifierScanPartitionTest" time="0.004"/>
  <testcase name="caTestQueryFindQueryPartitionEntityWithIndex[0]" classname="database.partition.IdentifierScanPartitionTest" time="0.003"/>
  <testcase name="dTestDeleteQueryPartitionEntity[0]" classname="database.partition.IdentifierScanPartitionTest" time="0.014"/>
  <testcase name="dTestUpdateQueryPartitionEntity[0]" classname="database.partition.IdentifierScanPartitionTest" time="0.01"/>
  <testcase name="testScanIndexFirst[0]" classname="database.partition.IdentifierScanPartitionTest" time="0.015"/>
  <testcase name="bTestDeleteQueryPartitionEntityWithIndex[1]" classname="database.partition.IdentifierScanPartitionTest" time="0.042"/>
  <testcase name="bTestDeleteQueryPartitionEntityWithIndexNoDefinedPartitionInQuery[1]" classname="database.partition.IdentifierScanPartitionTest" time="0.025"/>
  <testcase name="bTestQueryPartitionEntityWithIndex[1]" classname="database.partition.IdentifierScanPartitionTest" time="0.015"/>
  <testcase name="bTestQueryPartitionEntityWithIndexNoDefinedPartitionInQuery[1]" classname="database.partition.IdentifierScanPartitionTest" time="0.015"/>
  <testcase name="bTestUpdatePartitionField[1]" classname="database.partition.IdentifierScanPartitionTest" time="0.021"/>
  <testcase name="bTestUpdateQueryPartitionEntityWithIndex[1]" classname="database.partition.IdentifierScanPartitionTest" time="0.015"/>
  <testcase name="cTestQueryFindQueryPartitionEntityWithIndex[1]" classname="database.partition.IdentifierScanPartitionTest" time="0.014"/>
  <testcase name="caTestQueryFindQueryPartitionEntityWithIndex[1]" classname="database.partition.IdentifierScanPartitionTest" time="0.013"/>
  <testcase name="dTestDeleteQueryPartitionEntity[1]" classname="database.partition.IdentifierScanPartitionTest" time="0.022"/>
  <testcase name="dTestUpdateQueryPartitionEntity[1]" classname="database.partition.IdentifierScanPartitionTest" time="0.016"/>
  <testcase name="testScanIndexFirst[1]" classname="database.partition.IdentifierScanPartitionTest" time="0.016"/>
  <testcase name="bTestDeleteQueryPartitionEntityWithIndex[2]" classname="database.partition.IdentifierScanPartitionTest" time="0.031"/>
  <testcase name="bTestDeleteQueryPartitionEntityWithIndexNoDefinedPartitionInQuery[2]" classname="database.partition.IdentifierScanPartitionTest" time="0.021"/>
  <testcase name="bTestQueryPartitionEntityWithIndex[2]" classname="database.partition.IdentifierScanPartitionTest" time="0.014"/>
  <testcase name="bTestQueryPartitionEntityWithIndexNoDefinedPartitionInQuery[2]" classname="database.partition.IdentifierScanPartitionTest" time="0.019"/>
  <testcase name="bTestUpdatePartitionField[2]" classname="database.partition.IdentifierScanPartitionTest" time="0.028"/>
  <testcase name="bTestUpdateQueryPartitionEntityWithIndex[2]" classname="database.partition.IdentifierScanPartitionTest" time="0.032"/>
  <testcase name="cTestQueryFindQueryPartitionEntityWithIndex[2]" classname="database.partition.IdentifierScanPartitionTest" time="0.014"/>
  <testcase name="caTestQueryFindQueryPartitionEntityWithIndex[2]" classname="database.partition.IdentifierScanPartitionTest" time="0.009"/>
  <testcase name="dTestDeleteQueryPartitionEntity[2]" classname="database.partition.IdentifierScanPartitionTest" time="0.008"/>
  <testcase name="dTestUpdateQueryPartitionEntity[2]" classname="database.partition.IdentifierScanPartitionTest" time="0.01"/>
  <testcase name="testScanIndexFirst[2]" classname="database.partition.IdentifierScanPartitionTest" time="0.016"/>
  <system-out><![CDATA[]]></system-out>
  <system-err><![CDATA[]]></system-err>
</testsuite>
