<?xml version="1.0" encoding="UTF-8"?>
<testsuite name="database.list.LessThanTest" tests="27" skipped="0" failures="0" errors="0" timestamp="2021-05-15T17:24:20" hostname="Tims-MBP" time="0.254">
  <properties/>
  <testcase name="testStringStringLessThan[0]" classname="database.list.LessThanTest" time="0.012"/>
  <testcase name="testIntegerLessThan[0]" classname="database.list.LessThanTest" time="0.003"/>
  <testcase name="testDoubleLessThan[0]" classname="database.list.LessThanTest" time="0.003"/>
  <testcase name="testStringIDLessThan[0]" classname="database.list.LessThanTest" time="0.003"/>
  <testcase name="testPrimitiveLongLessThan[0]" classname="database.list.LessThanTest" time="0.002"/>
  <testcase name="testPrimitiveDoubleLessThan[0]" classname="database.list.LessThanTest" time="0.003"/>
  <testcase name="testLongLessThan[0]" classname="database.list.LessThanTest" time="0.002"/>
  <testcase name="testDateLessThan[0]" classname="database.list.LessThanTest" time="0.002"/>
  <testcase name="testPrimitiveIntegerLessThan[0]" classname="database.list.LessThanTest" time="0.003"/>
  <testcase name="testStringStringLessThan[1]" classname="database.list.LessThanTest" time="0.011"/>
  <testcase name="testIntegerLessThan[1]" classname="database.list.LessThanTest" time="0.01"/>
  <testcase name="testDoubleLessThan[1]" classname="database.list.LessThanTest" time="0.015"/>
  <testcase name="testStringIDLessThan[1]" classname="database.list.LessThanTest" time="0.012"/>
  <testcase name="testPrimitiveLongLessThan[1]" classname="database.list.LessThanTest" time="0.009"/>
  <testcase name="testPrimitiveDoubleLessThan[1]" classname="database.list.LessThanTest" time="0.012"/>
  <testcase name="testLongLessThan[1]" classname="database.list.LessThanTest" time="0.019"/>
  <testcase name="testDateLessThan[1]" classname="database.list.LessThanTest" time="0.013"/>
  <testcase name="testPrimitiveIntegerLessThan[1]" classname="database.list.LessThanTest" time="0.014"/>
  <testcase name="testStringStringLessThan[2]" classname="database.list.LessThanTest" time="0.014"/>
  <testcase name="testIntegerLessThan[2]" classname="database.list.LessThanTest" time="0.009"/>
  <testcase name="testDoubleLessThan[2]" classname="database.list.LessThanTest" time="0.008"/>
  <testcase name="testStringIDLessThan[2]" classname="database.list.LessThanTest" time="0.008"/>
  <testcase name="testPrimitiveLongLessThan[2]" classname="database.list.LessThanTest" time="0.01"/>
  <testcase name="testPrimitiveDoubleLessThan[2]" classname="database.list.LessThanTest" time="0.009"/>
  <testcase name="testLongLessThan[2]" classname="database.list.LessThanTest" time="0.009"/>
  <testcase name="testDateLessThan[2]" classname="database.list.LessThanTest" time="0.02"/>
  <testcase name="testPrimitiveIntegerLessThan[2]" classname="database.list.LessThanTest" time="0.012"/>
  <system-out><![CDATA[]]></system-out>
  <system-err><![CDATA[]]></system-err>
</testsuite>
