<?xml version="1.0" encoding="UTF-8"?>
<testsuite name="database.functions.GroupByTest" tests="30" skipped="0" failures="0" errors="0" timestamp="2021-05-15T17:24:27" hostname="Tims-MBP" time="0.331">
  <properties/>
  <testcase name="testAvg[0]" classname="database.functions.GroupByTest" time="0.008"/>
  <testcase name="testMax[0]" classname="database.functions.GroupByTest" time="0.003"/>
  <testcase name="testMin[0]" classname="database.functions.GroupByTest" time="0.002"/>
  <testcase name="testSum[0]" classname="database.functions.GroupByTest" time="0.006"/>
  <testcase name="testCount[0]" classname="database.functions.GroupByTest" time="0.004"/>
  <testcase name="testGroupBy[0]" classname="database.functions.GroupByTest" time="0.004"/>
  <testcase name="testMultipleFunctions[0]" classname="database.functions.GroupByTest" time="0.003"/>
  <testcase name="testGroupOnRelationshipOrderByCount[0]" classname="database.functions.GroupByTest" time="0.016"/>
  <testcase name="testMultipleFunctionsForFields[0]" classname="database.functions.GroupByTest" time="0.006"/>
  <testcase name="testGroupOnRelationship[0]" classname="database.functions.GroupByTest" time="0.003"/>
  <testcase name="testAvg[1]" classname="database.functions.GroupByTest" time="0.022"/>
  <testcase name="testMax[1]" classname="database.functions.GroupByTest" time="0.014"/>
  <testcase name="testMin[1]" classname="database.functions.GroupByTest" time="0.012"/>
  <testcase name="testSum[1]" classname="database.functions.GroupByTest" time="0.013"/>
  <testcase name="testCount[1]" classname="database.functions.GroupByTest" time="0.014"/>
  <testcase name="testGroupBy[1]" classname="database.functions.GroupByTest" time="0.015"/>
  <testcase name="testMultipleFunctions[1]" classname="database.functions.GroupByTest" time="0.012"/>
  <testcase name="testGroupOnRelationshipOrderByCount[1]" classname="database.functions.GroupByTest" time="0.014"/>
  <testcase name="testMultipleFunctionsForFields[1]" classname="database.functions.GroupByTest" time="0.013"/>
  <testcase name="testGroupOnRelationship[1]" classname="database.functions.GroupByTest" time="0.017"/>
  <testcase name="testAvg[2]" classname="database.functions.GroupByTest" time="0.017"/>
  <testcase name="testMax[2]" classname="database.functions.GroupByTest" time="0.008"/>
  <testcase name="testMin[2]" classname="database.functions.GroupByTest" time="0.01"/>
  <testcase name="testSum[2]" classname="database.functions.GroupByTest" time="0.016"/>
  <testcase name="testCount[2]" classname="database.functions.GroupByTest" time="0.009"/>
  <testcase name="testGroupBy[2]" classname="database.functions.GroupByTest" time="0.008"/>
  <testcase name="testMultipleFunctions[2]" classname="database.functions.GroupByTest" time="0.01"/>
  <testcase name="testGroupOnRelationshipOrderByCount[2]" classname="database.functions.GroupByTest" time="0.019"/>
  <testcase name="testMultipleFunctionsForFields[2]" classname="database.functions.GroupByTest" time="0.015"/>
  <testcase name="testGroupOnRelationship[2]" classname="database.functions.GroupByTest" time="0.011"/>
  <system-out><![CDATA[]]></system-out>
  <system-err><![CDATA[]]></system-err>
</testsuite>
