<?xml version="1.0" encoding="UTF-8"?>
<testsuite name="skiplist.SkipNodeTest" tests="6" skipped="0" failures="0" errors="0" timestamp="2021-05-15T17:26:06" hostname="Tims-MBP" time="0.008">
  <properties/>
  <testcase name="testSeTop" classname="skiplist.SkipNodeTest" time="0.002"/>
  <testcase name="testSetBottom" classname="skiplist.SkipNodeTest" time="0.003"/>
  <testcase name="testSetRecord" classname="skiplist.SkipNodeTest" time="0.001"/>
  <testcase name="testCreate" classname="skiplist.SkipNodeTest" time="0.0"/>
  <testcase name="testSetLeft" classname="skiplist.SkipNodeTest" time="0.0"/>
  <testcase name="testSetRight" classname="skiplist.SkipNodeTest" time="0.001"/>
  <system-out><![CDATA[]]></system-out>
  <system-err><![CDATA[]]></system-err>
</testsuite>
