<?xml version="1.0" encoding="UTF-8"?>
<testsuite name="diskmap.MultiThreadTest" tests="1" skipped="0" failures="0" errors="0" timestamp="2021-05-15T17:27:52" hostname="Tims-MBP" time="3.288">
  <properties/>
  <testcase name="testMultiThread" classname="diskmap.MultiThreadTest" time="3.288"/>
  <system-out><![CDATA[]]></system-out>
  <system-err><![CDATA[]]></system-err>
</testsuite>
