<?xml version="1.0" encoding="UTF-8"?>
<testsuite name="encryption.EncryptionTest" tests="4" skipped="0" failures="0" errors="0" timestamp="2021-05-15T17:23:46" hostname="Tims-MBP" time="0.302">
  <properties/>
  <testcase name="shouldEncrypt" classname="encryption.EncryptionTest" time="0.287"/>
  <testcase name="shouldFail" classname="encryption.EncryptionTest" time="0.005"/>
  <testcase name="shouldDecrypt" classname="encryption.EncryptionTest" time="0.0"/>
  <testcase name="shouldWriteToFile" classname="encryption.EncryptionTest" time="0.006"/>
  <system-out><![CDATA[]]></system-out>
  <system-err><![CDATA[]]></system-err>
</testsuite>
