<?xml version="1.0" encoding="UTF-8"?>
<testsuite name="database.query.SelectNotQueryTest" tests="45" skipped="0" failures="0" errors="0" timestamp="2021-05-15T17:24:30" hostname="Tims-MBP" time="0.751">
  <properties/>
  <testcase name="testNotEqualsInverseCriteria[0]" classname="database.query.SelectNotQueryTest" time="0.011"/>
  <testcase name="testNotNullOperatorInverseCriteria[0]" classname="database.query.SelectNotQueryTest" time="0.004"/>
  <testcase name="testComplexQueryMultipleLevel[0]" classname="database.query.SelectNotQueryTest" time="0.008"/>
  <testcase name="testNotLikeOperatorInverseCriteria[0]" classname="database.query.SelectNotQueryTest" time="0.007"/>
  <testcase name="testFullTableScanAndCriteriaWithInverseAndNonMatching[0]" classname="database.query.SelectNotQueryTest" time="0.012"/>
  <testcase name="testNotMatchesOperatorInverseCriteria[0]" classname="database.query.SelectNotQueryTest" time="0.015"/>
  <testcase name="testNotStartsWithOperator[0]" classname="database.query.SelectNotQueryTest" time="0.006"/>
  <testcase name="testComplexQuery[0]" classname="database.query.SelectNotQueryTest" time="0.011"/>
  <testcase name="testNotStartsWithInverseCriteria[0]" classname="database.query.SelectNotQueryTest" time="0.003"/>
  <testcase name="testFullTableScanWithCompoundQueryInverse[0]" classname="database.query.SelectNotQueryTest" time="0.003"/>
  <testcase name="testNotMatchesOperator[0]" classname="database.query.SelectNotQueryTest" time="0.004"/>
  <testcase name="testNotEqualsOperator[0]" classname="database.query.SelectNotQueryTest" time="0.004"/>
  <testcase name="testFullTableScanAndCriteriaWithInverse[0]" classname="database.query.SelectNotQueryTest" time="0.003"/>
  <testcase name="testNotLikeOperator[0]" classname="database.query.SelectNotQueryTest" time="0.002"/>
  <testcase name="testNotNullOperator[0]" classname="database.query.SelectNotQueryTest" time="0.012"/>
  <testcase name="testNotEqualsInverseCriteria[1]" classname="database.query.SelectNotQueryTest" time="0.035"/>
  <testcase name="testNotNullOperatorInverseCriteria[1]" classname="database.query.SelectNotQueryTest" time="0.012"/>
  <testcase name="testComplexQueryMultipleLevel[1]" classname="database.query.SelectNotQueryTest" time="0.013"/>
  <testcase name="testNotLikeOperatorInverseCriteria[1]" classname="database.query.SelectNotQueryTest" time="0.011"/>
  <testcase name="testFullTableScanAndCriteriaWithInverseAndNonMatching[1]" classname="database.query.SelectNotQueryTest" time="0.011"/>
  <testcase name="testNotMatchesOperatorInverseCriteria[1]" classname="database.query.SelectNotQueryTest" time="0.011"/>
  <testcase name="testNotStartsWithOperator[1]" classname="database.query.SelectNotQueryTest" time="0.053"/>
  <testcase name="testComplexQuery[1]" classname="database.query.SelectNotQueryTest" time="0.019"/>
  <testcase name="testNotStartsWithInverseCriteria[1]" classname="database.query.SelectNotQueryTest" time="0.015"/>
  <testcase name="testFullTableScanWithCompoundQueryInverse[1]" classname="database.query.SelectNotQueryTest" time="0.015"/>
  <testcase name="testNotMatchesOperator[1]" classname="database.query.SelectNotQueryTest" time="0.031"/>
  <testcase name="testNotEqualsOperator[1]" classname="database.query.SelectNotQueryTest" time="0.021"/>
  <testcase name="testFullTableScanAndCriteriaWithInverse[1]" classname="database.query.SelectNotQueryTest" time="0.013"/>
  <testcase name="testNotLikeOperator[1]" classname="database.query.SelectNotQueryTest" time="0.016"/>
  <testcase name="testNotNullOperator[1]" classname="database.query.SelectNotQueryTest" time="0.011"/>
  <testcase name="testNotEqualsInverseCriteria[2]" classname="database.query.SelectNotQueryTest" time="0.079"/>
  <testcase name="testNotNullOperatorInverseCriteria[2]" classname="database.query.SelectNotQueryTest" time="0.026"/>
  <testcase name="testComplexQueryMultipleLevel[2]" classname="database.query.SelectNotQueryTest" time="0.031"/>
  <testcase name="testNotLikeOperatorInverseCriteria[2]" classname="database.query.SelectNotQueryTest" time="0.018"/>
  <testcase name="testFullTableScanAndCriteriaWithInverseAndNonMatching[2]" classname="database.query.SelectNotQueryTest" time="0.013"/>
  <testcase name="testNotMatchesOperatorInverseCriteria[2]" classname="database.query.SelectNotQueryTest" time="0.018"/>
  <testcase name="testNotStartsWithOperator[2]" classname="database.query.SelectNotQueryTest" time="0.019"/>
  <testcase name="testComplexQuery[2]" classname="database.query.SelectNotQueryTest" time="0.022"/>
  <testcase name="testNotStartsWithInverseCriteria[2]" classname="database.query.SelectNotQueryTest" time="0.023"/>
  <testcase name="testFullTableScanWithCompoundQueryInverse[2]" classname="database.query.SelectNotQueryTest" time="0.028"/>
  <testcase name="testNotMatchesOperator[2]" classname="database.query.SelectNotQueryTest" time="0.014"/>
  <testcase name="testNotEqualsOperator[2]" classname="database.query.SelectNotQueryTest" time="0.01"/>
  <testcase name="testFullTableScanAndCriteriaWithInverse[2]" classname="database.query.SelectNotQueryTest" time="0.011"/>
  <testcase name="testNotLikeOperator[2]" classname="database.query.SelectNotQueryTest" time="0.013"/>
  <testcase name="testNotNullOperator[2]" classname="database.query.SelectNotQueryTest" time="0.011"/>
  <system-out><![CDATA[]]></system-out>
  <system-err><![CDATA[]]></system-err>
</testsuite>
