<?xml version="1.0" encoding="UTF-8"?>
<testsuite name="database.partition.IndexPartitionTest" tests="33" skipped="1" failures="0" errors="0" timestamp="2021-05-15T17:24:29" hostname="Tims-MBP" time="0.383">
  <properties/>
  <testcase name="aTestSavePartitionEntityWithIndex[0]" classname="database.partition.IndexPartitionTest" time="0.008"/>
  <testcase name="bTestDeleteQueryPartitionEntityWithIndex[0]" classname="database.partition.IndexPartitionTest" time="0.015"/>
  <testcase name="bTestDeleteQueryPartitionEntityWithIndexNoDefinedPartitionInQuery[0]" classname="database.partition.IndexPartitionTest" time="0.034"/>
  <testcase name="bTestQueryPartitionEntityWithIndex[0]" classname="database.partition.IndexPartitionTest" time="0.003"/>
  <testcase name="bTestQueryPartitionEntityWithIndexNoDefinedPartitionInQuery[0]" classname="database.partition.IndexPartitionTest" time="0.006"/>
  <testcase name="bTestUpdatePartitionField[0]" classname="database.partition.IndexPartitionTest" time="0.003">
    <skipped/>
  </testcase>
  <testcase name="bTestUpdateQueryPartitionEntityWithIndex[0]" classname="database.partition.IndexPartitionTest" time="0.01"/>
  <testcase name="bTestUpdateQueryPartitionEntityWithIndexNoDefinedPartitionInQuery[0]" classname="database.partition.IndexPartitionTest" time="0.005"/>
  <testcase name="cTestQueryFindQueryPartitionEntityWithIndex[0]" classname="database.partition.IndexPartitionTest" time="0.008"/>
  <testcase name="dTestDeleteQueryPartitionEntity[0]" classname="database.partition.IndexPartitionTest" time="0.003"/>
  <testcase name="dTestUpdateQueryPartitionEntity[0]" classname="database.partition.IndexPartitionTest" time="0.003"/>
  <testcase name="aTestSavePartitionEntityWithIndex[1]" classname="database.partition.IndexPartitionTest" time="0.02"/>
  <testcase name="bTestDeleteQueryPartitionEntityWithIndex[1]" classname="database.partition.IndexPartitionTest" time="0.016"/>
  <testcase name="bTestDeleteQueryPartitionEntityWithIndexNoDefinedPartitionInQuery[1]" classname="database.partition.IndexPartitionTest" time="0.017"/>
  <testcase name="bTestQueryPartitionEntityWithIndex[1]" classname="database.partition.IndexPartitionTest" time="0.013"/>
  <testcase name="bTestQueryPartitionEntityWithIndexNoDefinedPartitionInQuery[1]" classname="database.partition.IndexPartitionTest" time="0.014"/>
  <testcase name="bTestUpdatePartitionField[1]" classname="database.partition.IndexPartitionTest" time="0.019"/>
  <testcase name="bTestUpdateQueryPartitionEntityWithIndex[1]" classname="database.partition.IndexPartitionTest" time="0.014"/>
  <testcase name="bTestUpdateQueryPartitionEntityWithIndexNoDefinedPartitionInQuery[1]" classname="database.partition.IndexPartitionTest" time="0.017"/>
  <testcase name="cTestQueryFindQueryPartitionEntityWithIndex[1]" classname="database.partition.IndexPartitionTest" time="0.017"/>
  <testcase name="dTestDeleteQueryPartitionEntity[1]" classname="database.partition.IndexPartitionTest" time="0.012"/>
  <testcase name="dTestUpdateQueryPartitionEntity[1]" classname="database.partition.IndexPartitionTest" time="0.017"/>
  <testcase name="aTestSavePartitionEntityWithIndex[2]" classname="database.partition.IndexPartitionTest" time="0.013"/>
  <testcase name="bTestDeleteQueryPartitionEntityWithIndex[2]" classname="database.partition.IndexPartitionTest" time="0.013"/>
  <testcase name="bTestDeleteQueryPartitionEntityWithIndexNoDefinedPartitionInQuery[2]" classname="database.partition.IndexPartitionTest" time="0.013"/>
  <testcase name="bTestQueryPartitionEntityWithIndex[2]" classname="database.partition.IndexPartitionTest" time="0.011"/>
  <testcase name="bTestQueryPartitionEntityWithIndexNoDefinedPartitionInQuery[2]" classname="database.partition.IndexPartitionTest" time="0.007"/>
  <testcase name="bTestUpdatePartitionField[2]" classname="database.partition.IndexPartitionTest" time="0.011"/>
  <testcase name="bTestUpdateQueryPartitionEntityWithIndex[2]" classname="database.partition.IndexPartitionTest" time="0.008"/>
  <testcase name="bTestUpdateQueryPartitionEntityWithIndexNoDefinedPartitionInQuery[2]" classname="database.partition.IndexPartitionTest" time="0.007"/>
  <testcase name="cTestQueryFindQueryPartitionEntityWithIndex[2]" classname="database.partition.IndexPartitionTest" time="0.007"/>
  <testcase name="dTestDeleteQueryPartitionEntity[2]" classname="database.partition.IndexPartitionTest" time="0.006"/>
  <testcase name="dTestUpdateQueryPartitionEntity[2]" classname="database.partition.IndexPartitionTest" time="0.007"/>
  <system-out><![CDATA[]]></system-out>
  <system-err><![CDATA[]]></system-err>
</testsuite>
