<?xml version="1.0" encoding="UTF-8"?>
<testsuite name="database.relationship.ManyToOneTest" tests="15" skipped="0" failures="0" errors="0" timestamp="2021-05-15T17:24:18" hostname="Tims-MBP" time="0.126">
  <properties/>
  <testcase name="testManyToOneRelationshipParentDeleted[0]" classname="database.relationship.ManyToOneTest" time="0.004"/>
  <testcase name="testManyToOneRelationshipSavedAndRemoved[0]" classname="database.relationship.ManyToOneTest" time="0.008"/>
  <testcase name="testManyToOneRelationshipSaved[0]" classname="database.relationship.ManyToOneTest" time="0.005"/>
  <testcase name="testManyToOneRelationshipSavedAndReassigned[0]" classname="database.relationship.ManyToOneTest" time="0.004"/>
  <testcase name="testManyToOneRelationshipSavedAndReassignedCascade[0]" classname="database.relationship.ManyToOneTest" time="0.007"/>
  <testcase name="testManyToOneRelationshipParentDeleted[1]" classname="database.relationship.ManyToOneTest" time="0.011"/>
  <testcase name="testManyToOneRelationshipSavedAndRemoved[1]" classname="database.relationship.ManyToOneTest" time="0.008"/>
  <testcase name="testManyToOneRelationshipSaved[1]" classname="database.relationship.ManyToOneTest" time="0.009"/>
  <testcase name="testManyToOneRelationshipSavedAndReassigned[1]" classname="database.relationship.ManyToOneTest" time="0.016"/>
  <testcase name="testManyToOneRelationshipSavedAndReassignedCascade[1]" classname="database.relationship.ManyToOneTest" time="0.011"/>
  <testcase name="testManyToOneRelationshipParentDeleted[2]" classname="database.relationship.ManyToOneTest" time="0.008"/>
  <testcase name="testManyToOneRelationshipSavedAndRemoved[2]" classname="database.relationship.ManyToOneTest" time="0.008"/>
  <testcase name="testManyToOneRelationshipSaved[2]" classname="database.relationship.ManyToOneTest" time="0.008"/>
  <testcase name="testManyToOneRelationshipSavedAndReassigned[2]" classname="database.relationship.ManyToOneTest" time="0.007"/>
  <testcase name="testManyToOneRelationshipSavedAndReassignedCascade[2]" classname="database.relationship.ManyToOneTest" time="0.009"/>
  <system-out><![CDATA[]]></system-out>
  <system-err><![CDATA[]]></system-err>
</testsuite>
