<?xml version="1.0" encoding="UTF-8"?>
<testsuite name="database.query.SelectQueryTest" tests="18" skipped="0" failures="0" errors="0" timestamp="2021-05-15T17:25:38" hostname="Tims-MBP" time="0.196">
  <properties/>
  <testcase name="testSelectTwoOrderBy[0]" classname="database.query.SelectQueryTest" time="0.017"/>
  <testcase name="testSelectRelationship[0]" classname="database.query.SelectQueryTest" time="0.01"/>
  <testcase name="testExecuteSelectFields[0]" classname="database.query.SelectQueryTest" time="0.01"/>
  <testcase name="testSelectOnlyOne[0]" classname="database.query.SelectQueryTest" time="0.003"/>
  <testcase name="testNoSelect[0]" classname="database.query.SelectQueryTest" time="0.004"/>
  <testcase name="testSelectRelationshipMultiResult[0]" classname="database.query.SelectQueryTest" time="0.004"/>
  <testcase name="testSelectTwoOrderBy[1]" classname="database.query.SelectQueryTest" time="0.016"/>
  <testcase name="testSelectRelationship[1]" classname="database.query.SelectQueryTest" time="0.016"/>
  <testcase name="testExecuteSelectFields[1]" classname="database.query.SelectQueryTest" time="0.009"/>
  <testcase name="testSelectOnlyOne[1]" classname="database.query.SelectQueryTest" time="0.012"/>
  <testcase name="testNoSelect[1]" classname="database.query.SelectQueryTest" time="0.012"/>
  <testcase name="testSelectRelationshipMultiResult[1]" classname="database.query.SelectQueryTest" time="0.011"/>
  <testcase name="testSelectTwoOrderBy[2]" classname="database.query.SelectQueryTest" time="0.017"/>
  <testcase name="testSelectRelationship[2]" classname="database.query.SelectQueryTest" time="0.011"/>
  <testcase name="testExecuteSelectFields[2]" classname="database.query.SelectQueryTest" time="0.012"/>
  <testcase name="testSelectOnlyOne[2]" classname="database.query.SelectQueryTest" time="0.011"/>
  <testcase name="testNoSelect[2]" classname="database.query.SelectQueryTest" time="0.009"/>
  <testcase name="testSelectRelationshipMultiResult[2]" classname="database.query.SelectQueryTest" time="0.01"/>
  <system-out><![CDATA[]]></system-out>
  <system-err><![CDATA[]]></system-err>
</testsuite>
