<?xml version="1.0" encoding="UTF-8"?>
<testsuite name="database.exceptions.TestEntityValidation" tests="15" skipped="0" failures="0" errors="0" timestamp="2021-05-15T17:23:48" hostname="Tims-MBP" time="0.356">
  <properties/>
  <testcase name="testValidAttributeSizeException[0]" classname="database.exceptions.TestEntityValidation" time="0.008"/>
  <testcase name="testValidObjectAsExtendingAbstract[0]" classname="database.exceptions.TestEntityValidation" time="0.011"/>
  <testcase name="testRequiredIDException[0]" classname="database.exceptions.TestEntityValidation" time="0.007"/>
  <testcase name="testAttributeSizeException[0]" classname="database.exceptions.TestEntityValidation" time="0.092"/>
  <testcase name="testNullValue[0]" classname="database.exceptions.TestEntityValidation" time="0.009"/>
  <testcase name="testValidAttributeSizeException[1]" classname="database.exceptions.TestEntityValidation" time="0.023"/>
  <testcase name="testValidObjectAsExtendingAbstract[1]" classname="database.exceptions.TestEntityValidation" time="0.021"/>
  <testcase name="testRequiredIDException[1]" classname="database.exceptions.TestEntityValidation" time="0.011"/>
  <testcase name="testAttributeSizeException[1]" classname="database.exceptions.TestEntityValidation" time="0.017"/>
  <testcase name="testNullValue[1]" classname="database.exceptions.TestEntityValidation" time="0.01"/>
  <testcase name="testValidAttributeSizeException[2]" classname="database.exceptions.TestEntityValidation" time="0.037"/>
  <testcase name="testValidObjectAsExtendingAbstract[2]" classname="database.exceptions.TestEntityValidation" time="0.04"/>
  <testcase name="testRequiredIDException[2]" classname="database.exceptions.TestEntityValidation" time="0.036"/>
  <testcase name="testAttributeSizeException[2]" classname="database.exceptions.TestEntityValidation" time="0.016"/>
  <testcase name="testNullValue[2]" classname="database.exceptions.TestEntityValidation" time="0.012"/>
  <system-out><![CDATA[]]></system-out>
  <system-err><![CDATA[]]></system-err>
</testsuite>
