<?xml version="1.0" encoding="UTF-8"?>
<testsuite name="database.list.OneToOneRelationshipEqualsTest" tests="9" skipped="0" failures="0" errors="0" timestamp="2021-05-15T17:24:19" hostname="Tims-MBP" time="0.107">
  <properties/>
  <testcase name="fTestOneToManyRemoveHasMultiple[0]" classname="database.list.OneToOneRelationshipEqualsTest" time="0.008"/>
  <testcase name="testOneToOneHasRelationship[0]" classname="database.list.OneToOneRelationshipEqualsTest" time="0.006"/>
  <testcase name="testOneToOneNoMeetCriteriaRelationship[0]" classname="database.list.OneToOneRelationshipEqualsTest" time="0.003"/>
  <testcase name="fTestOneToManyRemoveHasMultiple[1]" classname="database.list.OneToOneRelationshipEqualsTest" time="0.012"/>
  <testcase name="testOneToOneHasRelationship[1]" classname="database.list.OneToOneRelationshipEqualsTest" time="0.009"/>
  <testcase name="testOneToOneNoMeetCriteriaRelationship[1]" classname="database.list.OneToOneRelationshipEqualsTest" time="0.013"/>
  <testcase name="fTestOneToManyRemoveHasMultiple[2]" classname="database.list.OneToOneRelationshipEqualsTest" time="0.023"/>
  <testcase name="testOneToOneHasRelationship[2]" classname="database.list.OneToOneRelationshipEqualsTest" time="0.014"/>
  <testcase name="testOneToOneNoMeetCriteriaRelationship[2]" classname="database.list.OneToOneRelationshipEqualsTest" time="0.017"/>
  <system-out><![CDATA[]]></system-out>
  <system-err><![CDATA[]]></system-err>
</testsuite>
