<?xml version="1.0" encoding="UTF-8"?>
<testsuite name="database.list.IndexListTest" tests="18" skipped="0" failures="0" errors="0" timestamp="2021-05-15T17:24:21" hostname="Tims-MBP" time="4.798">
  <properties/>
  <testcase name="testIdentifierLessThanNoResults[0]" classname="database.list.IndexListTest" time="0.253"/>
  <testcase name="testIdentifierRangeLTEqual[0]" classname="database.list.IndexListTest" time="0.178"/>
  <testcase name="testIdentifierGreaterThan[0]" classname="database.list.IndexListTest" time="0.142"/>
  <testcase name="testIdentifierGreaterThanNoResults[0]" classname="database.list.IndexListTest" time="0.122"/>
  <testcase name="testIdentifierRange[0]" classname="database.list.IndexListTest" time="0.129"/>
  <testcase name="testIdentifierRangeEqual[0]" classname="database.list.IndexListTest" time="0.129"/>
  <testcase name="testIdentifierLessThanNoResults[1]" classname="database.list.IndexListTest" time="0.168"/>
  <testcase name="testIdentifierRangeLTEqual[1]" classname="database.list.IndexListTest" time="0.402"/>
  <testcase name="testIdentifierGreaterThan[1]" classname="database.list.IndexListTest" time="0.367"/>
  <testcase name="testIdentifierGreaterThanNoResults[1]" classname="database.list.IndexListTest" time="0.292"/>
  <testcase name="testIdentifierRange[1]" classname="database.list.IndexListTest" time="0.31"/>
  <testcase name="testIdentifierRangeEqual[1]" classname="database.list.IndexListTest" time="0.322"/>
  <testcase name="testIdentifierLessThanNoResults[2]" classname="database.list.IndexListTest" time="0.281"/>
  <testcase name="testIdentifierRangeLTEqual[2]" classname="database.list.IndexListTest" time="0.341"/>
  <testcase name="testIdentifierGreaterThan[2]" classname="database.list.IndexListTest" time="0.335"/>
  <testcase name="testIdentifierGreaterThanNoResults[2]" classname="database.list.IndexListTest" time="0.325"/>
  <testcase name="testIdentifierRange[2]" classname="database.list.IndexListTest" time="0.323"/>
  <testcase name="testIdentifierRangeEqual[2]" classname="database.list.IndexListTest" time="0.335"/>
  <system-out><![CDATA[]]></system-out>
  <system-err><![CDATA[]]></system-err>
</testsuite>
