<?xml version="1.0" encoding="UTF-8"?>
<testsuite name="database.list.IdentifierListTest" tests="18" skipped="0" failures="0" errors="0" timestamp="2021-05-15T17:24:19" hostname="Tims-MBP" time="0.172">
  <properties/>
  <testcase name="testIdentifierLessThanNoResults[0]" classname="database.list.IdentifierListTest" time="0.01"/>
  <testcase name="testIdentifierRangeLTEqual[0]" classname="database.list.IdentifierListTest" time="0.004"/>
  <testcase name="testIdentifierGreaterThan[0]" classname="database.list.IdentifierListTest" time="0.005"/>
  <testcase name="testIdentifierGreaterThanNoResults[0]" classname="database.list.IdentifierListTest" time="0.004"/>
  <testcase name="testIdentifierRange[0]" classname="database.list.IdentifierListTest" time="0.005"/>
  <testcase name="testIdentifierRangeEqual[0]" classname="database.list.IdentifierListTest" time="0.007"/>
  <testcase name="testIdentifierLessThanNoResults[1]" classname="database.list.IdentifierListTest" time="0.014"/>
  <testcase name="testIdentifierRangeLTEqual[1]" classname="database.list.IdentifierListTest" time="0.015"/>
  <testcase name="testIdentifierGreaterThan[1]" classname="database.list.IdentifierListTest" time="0.009"/>
  <testcase name="testIdentifierGreaterThanNoResults[1]" classname="database.list.IdentifierListTest" time="0.017"/>
  <testcase name="testIdentifierRange[1]" classname="database.list.IdentifierListTest" time="0.011"/>
  <testcase name="testIdentifierRangeEqual[1]" classname="database.list.IdentifierListTest" time="0.009"/>
  <testcase name="testIdentifierLessThanNoResults[2]" classname="database.list.IdentifierListTest" time="0.015"/>
  <testcase name="testIdentifierRangeLTEqual[2]" classname="database.list.IdentifierListTest" time="0.009"/>
  <testcase name="testIdentifierGreaterThan[2]" classname="database.list.IdentifierListTest" time="0.01"/>
  <testcase name="testIdentifierGreaterThanNoResults[2]" classname="database.list.IdentifierListTest" time="0.008"/>
  <testcase name="testIdentifierRange[2]" classname="database.list.IdentifierListTest" time="0.008"/>
  <testcase name="testIdentifierRangeEqual[2]" classname="database.list.IdentifierListTest" time="0.007"/>
  <system-out><![CDATA[]]></system-out>
  <system-err><![CDATA[]]></system-err>
</testsuite>
