<?xml version="1.0" encoding="UTF-8"?>
<testsuite name="database.list.ContainsTest" tests="12" skipped="0" failures="0" errors="0" timestamp="2021-05-15T17:24:21" hostname="Tims-MBP" time="0.086">
  <properties/>
  <testcase name="testContainsStartsWith[0]" classname="database.list.ContainsTest" time="0.004"/>
  <testcase name="testContainsStringId[0]" classname="database.list.ContainsTest" time="0.003"/>
  <testcase name="testStringContains[0]" classname="database.list.ContainsTest" time="0.004"/>
  <testcase name="testStringStartsWith[0]" classname="database.list.ContainsTest" time="0.002"/>
  <testcase name="testContainsStartsWith[1]" classname="database.list.ContainsTest" time="0.009"/>
  <testcase name="testContainsStringId[1]" classname="database.list.ContainsTest" time="0.009"/>
  <testcase name="testStringContains[1]" classname="database.list.ContainsTest" time="0.011"/>
  <testcase name="testStringStartsWith[1]" classname="database.list.ContainsTest" time="0.009"/>
  <testcase name="testContainsStartsWith[2]" classname="database.list.ContainsTest" time="0.009"/>
  <testcase name="testContainsStringId[2]" classname="database.list.ContainsTest" time="0.009"/>
  <testcase name="testStringContains[2]" classname="database.list.ContainsTest" time="0.008"/>
  <testcase name="testStringStartsWith[2]" classname="database.list.ContainsTest" time="0.009"/>
  <system-out><![CDATA[]]></system-out>
  <system-err><![CDATA[]]></system-err>
</testsuite>
