<?xml version="1.0" encoding="UTF-8"?>
<testsuite name="database.relationship.RelationshipSelectTest" tests="39" skipped="0" failures="0" errors="0" timestamp="2021-05-15T17:24:16" hostname="Tims-MBP" time="1.162">
  <properties/>
  <testcase name="testSelectRelationship[0]" classname="database.relationship.RelationshipSelectTest" time="0.016"/>
  <testcase name="testInvalidQueryException[0]" classname="database.relationship.RelationshipSelectTest" time="0.009"/>
  <testcase name="testSelectAttribute[0]" classname="database.relationship.RelationshipSelectTest" time="0.008"/>
  <testcase name="testToManySelectRelationship[0]" classname="database.relationship.RelationshipSelectTest" time="0.014"/>
  <testcase name="testToManySelectRelationshipNoRelationshipCriteria[0]" classname="database.relationship.RelationshipSelectTest" time="0.024"/>
  <testcase name="testQuerySpecificPartition[0]" classname="database.relationship.RelationshipSelectTest" time="0.012"/>
  <testcase name="testToManySelectRelationshipNoRelationshipCriteriaOrderBy[0]" classname="database.relationship.RelationshipSelectTest" time="0.017"/>
  <testcase name="testToManySelectRelationshipOrderBy[0]" classname="database.relationship.RelationshipSelectTest" time="0.017"/>
  <testcase name="testSelectRelationshipValuesWithNormal[0]" classname="database.relationship.RelationshipSelectTest" time="0.01"/>
  <testcase name="testSelectRelationshipOrderBy[0]" classname="database.relationship.RelationshipSelectTest" time="0.013"/>
  <testcase name="testDistinctValues[0]" classname="database.relationship.RelationshipSelectTest" time="0.012"/>
  <testcase name="testQuerySpecificPartitionOrderBy[0]" classname="database.relationship.RelationshipSelectTest" time="0.01"/>
  <testcase name="testSelectAttributeOrderBy[0]" classname="database.relationship.RelationshipSelectTest" time="0.014"/>
  <testcase name="testSelectRelationship[1]" classname="database.relationship.RelationshipSelectTest" time="0.03"/>
  <testcase name="testInvalidQueryException[1]" classname="database.relationship.RelationshipSelectTest" time="0.025"/>
  <testcase name="testSelectAttribute[1]" classname="database.relationship.RelationshipSelectTest" time="0.022"/>
  <testcase name="testToManySelectRelationship[1]" classname="database.relationship.RelationshipSelectTest" time="0.023"/>
  <testcase name="testToManySelectRelationshipNoRelationshipCriteria[1]" classname="database.relationship.RelationshipSelectTest" time="0.038"/>
  <testcase name="testQuerySpecificPartition[1]" classname="database.relationship.RelationshipSelectTest" time="0.02"/>
  <testcase name="testToManySelectRelationshipNoRelationshipCriteriaOrderBy[1]" classname="database.relationship.RelationshipSelectTest" time="0.025"/>
  <testcase name="testToManySelectRelationshipOrderBy[1]" classname="database.relationship.RelationshipSelectTest" time="0.032"/>
  <testcase name="testSelectRelationshipValuesWithNormal[1]" classname="database.relationship.RelationshipSelectTest" time="0.012"/>
  <testcase name="testSelectRelationshipOrderBy[1]" classname="database.relationship.RelationshipSelectTest" time="0.013"/>
  <testcase name="testDistinctValues[1]" classname="database.relationship.RelationshipSelectTest" time="0.019"/>
  <testcase name="testQuerySpecificPartitionOrderBy[1]" classname="database.relationship.RelationshipSelectTest" time="0.032"/>
  <testcase name="testSelectAttributeOrderBy[1]" classname="database.relationship.RelationshipSelectTest" time="0.031"/>
  <testcase name="testSelectRelationship[2]" classname="database.relationship.RelationshipSelectTest" time="0.047"/>
  <testcase name="testInvalidQueryException[2]" classname="database.relationship.RelationshipSelectTest" time="0.028"/>
  <testcase name="testSelectAttribute[2]" classname="database.relationship.RelationshipSelectTest" time="0.035"/>
  <testcase name="testToManySelectRelationship[2]" classname="database.relationship.RelationshipSelectTest" time="0.097"/>
  <testcase name="testToManySelectRelationshipNoRelationshipCriteria[2]" classname="database.relationship.RelationshipSelectTest" time="0.062"/>
  <testcase name="testQuerySpecificPartition[2]" classname="database.relationship.RelationshipSelectTest" time="0.03"/>
  <testcase name="testToManySelectRelationshipNoRelationshipCriteriaOrderBy[2]" classname="database.relationship.RelationshipSelectTest" time="0.047"/>
  <testcase name="testToManySelectRelationshipOrderBy[2]" classname="database.relationship.RelationshipSelectTest" time="0.059"/>
  <testcase name="testSelectRelationshipValuesWithNormal[2]" classname="database.relationship.RelationshipSelectTest" time="0.019"/>
  <testcase name="testSelectRelationshipOrderBy[2]" classname="database.relationship.RelationshipSelectTest" time="0.025"/>
  <testcase name="testDistinctValues[2]" classname="database.relationship.RelationshipSelectTest" time="0.046"/>
  <testcase name="testQuerySpecificPartitionOrderBy[2]" classname="database.relationship.RelationshipSelectTest" time="0.067"/>
  <testcase name="testSelectAttributeOrderBy[2]" classname="database.relationship.RelationshipSelectTest" time="0.06"/>
  <system-out><![CDATA[]]></system-out>
  <system-err><![CDATA[]]></system-err>
</testsuite>
