<?xml version="1.0" encoding="UTF-8"?>
<testsuite name="database.relationship.RelationshipConcurrencyTest" tests="9" skipped="0" failures="0" errors="0" timestamp="2021-05-15T17:23:49" hostname="Tims-MBP" time="23.797">
  <properties/>
  <testcase name="testManyToManyCascadeConcurrencyMultiple[0]" classname="database.relationship.RelationshipConcurrencyTest" time="4.087"/>
  <testcase name="testManyToManyCascadeConcurrency[0]" classname="database.relationship.RelationshipConcurrencyTest" time="1.501"/>
  <testcase name="testOneToOneCascadeConcurrency[0]" classname="database.relationship.RelationshipConcurrencyTest" time="2.623"/>
  <testcase name="testManyToManyCascadeConcurrencyMultiple[1]" classname="database.relationship.RelationshipConcurrencyTest" time="2.481"/>
  <testcase name="testManyToManyCascadeConcurrency[1]" classname="database.relationship.RelationshipConcurrencyTest" time="1.929"/>
  <testcase name="testOneToOneCascadeConcurrency[1]" classname="database.relationship.RelationshipConcurrencyTest" time="2.445"/>
  <testcase name="testManyToManyCascadeConcurrencyMultiple[2]" classname="database.relationship.RelationshipConcurrencyTest" time="3.641"/>
  <testcase name="testManyToManyCascadeConcurrency[2]" classname="database.relationship.RelationshipConcurrencyTest" time="2.326"/>
  <testcase name="testOneToOneCascadeConcurrency[2]" classname="database.relationship.RelationshipConcurrencyTest" time="2.719"/>
  <system-out><![CDATA[]]></system-out>
  <system-err><![CDATA[]]></system-err>
</testsuite>
