<?xml version="1.0" encoding="UTF-8"?>
<testsuite name="database.index.SaveIndexTest" tests="18" skipped="0" failures="0" errors="0" timestamp="2021-05-15T17:24:27" hostname="Tims-MBP" time="0.131">
  <properties/>
  <testcase name="testSaveWithExistingFullScanPrior[0]" classname="database.index.SaveIndexTest" time="0.003"/>
  <testcase name="saveStringIndexUpdateTest[0]" classname="database.index.SaveIndexTest" time="0.003"/>
  <testcase name="saveStringIndexDeleteQueryTest[0]" classname="database.index.SaveIndexTest" time="0.009"/>
  <testcase name="saveStringIndexUpdateQueryTest[0]" classname="database.index.SaveIndexTest" time="0.008"/>
  <testcase name="testSaveWithExistingFullScanPriorWitIn[0]" classname="database.index.SaveIndexTest" time="0.002"/>
  <testcase name="saveStringIndexDeleteTest[0]" classname="database.index.SaveIndexTest" time="0.001"/>
  <testcase name="testSaveWithExistingFullScanPrior[1]" classname="database.index.SaveIndexTest" time="0.011"/>
  <testcase name="saveStringIndexUpdateTest[1]" classname="database.index.SaveIndexTest" time="0.008"/>
  <testcase name="saveStringIndexDeleteQueryTest[1]" classname="database.index.SaveIndexTest" time="0.008"/>
  <testcase name="saveStringIndexUpdateQueryTest[1]" classname="database.index.SaveIndexTest" time="0.009"/>
  <testcase name="testSaveWithExistingFullScanPriorWitIn[1]" classname="database.index.SaveIndexTest" time="0.011"/>
  <testcase name="saveStringIndexDeleteTest[1]" classname="database.index.SaveIndexTest" time="0.007"/>
  <testcase name="testSaveWithExistingFullScanPrior[2]" classname="database.index.SaveIndexTest" time="0.01"/>
  <testcase name="saveStringIndexUpdateTest[2]" classname="database.index.SaveIndexTest" time="0.01"/>
  <testcase name="saveStringIndexDeleteQueryTest[2]" classname="database.index.SaveIndexTest" time="0.007"/>
  <testcase name="saveStringIndexUpdateQueryTest[2]" classname="database.index.SaveIndexTest" time="0.006"/>
  <testcase name="testSaveWithExistingFullScanPriorWitIn[2]" classname="database.index.SaveIndexTest" time="0.008"/>
  <testcase name="saveStringIndexDeleteTest[2]" classname="database.index.SaveIndexTest" time="0.006"/>
  <system-out><![CDATA[]]></system-out>
  <system-err><![CDATA[]]></system-err>
</testsuite>
