<?xml version="1.0" encoding="UTF-8"?>
<testsuite name="database.save.SaveSequenceIdentifierTest" tests="28" skipped="0" failures="0" errors="0" timestamp="2021-05-15T17:25:57" hostname="Tims-MBP" time="0.249">
  <properties/>
  <testcase name="aTestSaveMutableSequenceIdentifierEntity[0]" classname="database.save.SaveSequenceIdentifierTest" time="0.016"/>
  <testcase name="bTestSaveImmutableSequenceIdentifierEntity[0]" classname="database.save.SaveSequenceIdentifierTest" time="0.019"/>
  <testcase name="cTestSaveMutableSequenceIdentifierEntityNext[0]" classname="database.save.SaveSequenceIdentifierTest" time="0.008"/>
  <testcase name="dTestSaveImmutableSequenceIdentifierEntityNext[0]" classname="database.save.SaveSequenceIdentifierTest" time="0.007"/>
  <testcase name="eTestSaveMutableSequenceIdentifierEntityUserDefined[0]" classname="database.save.SaveSequenceIdentifierTest" time="0.008"/>
  <testcase name="fTestSaveImmutableSequenceIdentifierEntityUserDefined[0]" classname="database.save.SaveSequenceIdentifierTest" time="0.008"/>
  <testcase name="gTestSaveImmutableSequenceIdentifierEntityUserDefinedSkip[0]" classname="database.save.SaveSequenceIdentifierTest" time="0.016"/>
  <testcase name="hTestSaveMutableIntSequenceIdentifierEntity[0]" classname="database.save.SaveSequenceIdentifierTest" time="0.008"/>
  <testcase name="iTestSaveImmutableIntSequenceIdentifierEntity[0]" classname="database.save.SaveSequenceIdentifierTest" time="0.007"/>
  <testcase name="jTestFindLastItem[0]" classname="database.save.SaveSequenceIdentifierTest" time="0.004"/>
  <testcase name="kTestFindFirstItem[0]" classname="database.save.SaveSequenceIdentifierTest" time="0.005"/>
  <testcase name="lTestUpdateImmutableSequenceIdentifierEntity[0]" classname="database.save.SaveSequenceIdentifierTest" time="0.007"/>
  <testcase name="mTestUpdateMutableSequenceIdentifierEntity[0]" classname="database.save.SaveSequenceIdentifierTest" time="0.008"/>
  <testcase name="nTestInsertInTheMiddle[0]" classname="database.save.SaveSequenceIdentifierTest" time="0.006"/>
  <testcase name="aTestSaveMutableSequenceIdentifierEntity[1]" classname="database.save.SaveSequenceIdentifierTest" time="0.03"/>
  <testcase name="bTestSaveImmutableSequenceIdentifierEntity[1]" classname="database.save.SaveSequenceIdentifierTest" time="0.008"/>
  <testcase name="cTestSaveMutableSequenceIdentifierEntityNext[1]" classname="database.save.SaveSequenceIdentifierTest" time="0.006"/>
  <testcase name="dTestSaveImmutableSequenceIdentifierEntityNext[1]" classname="database.save.SaveSequenceIdentifierTest" time="0.005"/>
  <testcase name="eTestSaveMutableSequenceIdentifierEntityUserDefined[1]" classname="database.save.SaveSequenceIdentifierTest" time="0.006"/>
  <testcase name="fTestSaveImmutableSequenceIdentifierEntityUserDefined[1]" classname="database.save.SaveSequenceIdentifierTest" time="0.006"/>
  <testcase name="gTestSaveImmutableSequenceIdentifierEntityUserDefinedSkip[1]" classname="database.save.SaveSequenceIdentifierTest" time="0.008"/>
  <testcase name="hTestSaveMutableIntSequenceIdentifierEntity[1]" classname="database.save.SaveSequenceIdentifierTest" time="0.006"/>
  <testcase name="iTestSaveImmutableIntSequenceIdentifierEntity[1]" classname="database.save.SaveSequenceIdentifierTest" time="0.009"/>
  <testcase name="jTestFindLastItem[1]" classname="database.save.SaveSequenceIdentifierTest" time="0.005"/>
  <testcase name="kTestFindFirstItem[1]" classname="database.save.SaveSequenceIdentifierTest" time="0.005"/>
  <testcase name="lTestUpdateImmutableSequenceIdentifierEntity[1]" classname="database.save.SaveSequenceIdentifierTest" time="0.006"/>
  <testcase name="mTestUpdateMutableSequenceIdentifierEntity[1]" classname="database.save.SaveSequenceIdentifierTest" time="0.008"/>
  <testcase name="nTestInsertInTheMiddle[1]" classname="database.save.SaveSequenceIdentifierTest" time="0.007"/>
  <system-out><![CDATA[]]></system-out>
  <system-err><![CDATA[]]></system-err>
</testsuite>
