<?xml version="1.0" encoding="UTF-8"?>
<testsuite name="database.exceptions.TestEntitySaveException" tests="21" skipped="0" failures="0" errors="0" timestamp="2021-05-15T17:23:49" hostname="Tims-MBP" time="0.26">
  <properties/>
  <testcase name="testInvalidFindById[0]" classname="database.exceptions.TestEntitySaveException" time="0.007"/>
  <testcase name="testInvalidGenerator[0]" classname="database.exceptions.TestEntitySaveException" time="0.008"/>
  <testcase name="testInvalidIDEntity[0]" classname="database.exceptions.TestEntitySaveException" time="0.009"/>
  <testcase name="testNoInterfaceException[0]" classname="database.exceptions.TestEntitySaveException" time="0.004"/>
  <testcase name="testNoEntitySave[0]" classname="database.exceptions.TestEntitySaveException" time="0.002"/>
  <testcase name="testNoIDEntity[0]" classname="database.exceptions.TestEntitySaveException" time="0.005"/>
  <testcase name="testInvalidAttributeType[0]" classname="database.exceptions.TestEntitySaveException" time="0.006"/>
  <testcase name="testInvalidFindById[1]" classname="database.exceptions.TestEntitySaveException" time="0.027"/>
  <testcase name="testInvalidGenerator[1]" classname="database.exceptions.TestEntitySaveException" time="0.023"/>
  <testcase name="testInvalidIDEntity[1]" classname="database.exceptions.TestEntitySaveException" time="0.025"/>
  <testcase name="testNoInterfaceException[1]" classname="database.exceptions.TestEntitySaveException" time="0.011"/>
  <testcase name="testNoEntitySave[1]" classname="database.exceptions.TestEntitySaveException" time="0.014"/>
  <testcase name="testNoIDEntity[1]" classname="database.exceptions.TestEntitySaveException" time="0.009"/>
  <testcase name="testInvalidAttributeType[1]" classname="database.exceptions.TestEntitySaveException" time="0.008"/>
  <testcase name="testInvalidFindById[2]" classname="database.exceptions.TestEntitySaveException" time="0.029"/>
  <testcase name="testInvalidGenerator[2]" classname="database.exceptions.TestEntitySaveException" time="0.018"/>
  <testcase name="testInvalidIDEntity[2]" classname="database.exceptions.TestEntitySaveException" time="0.012"/>
  <testcase name="testNoInterfaceException[2]" classname="database.exceptions.TestEntitySaveException" time="0.008"/>
  <testcase name="testNoEntitySave[2]" classname="database.exceptions.TestEntitySaveException" time="0.009"/>
  <testcase name="testNoIDEntity[2]" classname="database.exceptions.TestEntitySaveException" time="0.01"/>
  <testcase name="testInvalidAttributeType[2]" classname="database.exceptions.TestEntitySaveException" time="0.011"/>
  <system-out><![CDATA[]]></system-out>
  <system-err><![CDATA[]]></system-err>
</testsuite>
