<?xml version="1.0" encoding="UTF-8"?>
<testsuite name="database.relationship.RelationshipPartitionSelectTest" tests="36" skipped="0" failures="0" errors="0" timestamp="2021-05-15T17:24:13" hostname="Tims-MBP" time="2.16">
  <properties/>
  <testcase name="testSelectRelationship[0]" classname="database.relationship.RelationshipPartitionSelectTest" time="0.175"/>
  <testcase name="testInvalidQueryException[0]" classname="database.relationship.RelationshipPartitionSelectTest" time="0.093"/>
  <testcase name="testSelectAttribute[0]" classname="database.relationship.RelationshipPartitionSelectTest" time="0.067"/>
  <testcase name="testToManySelectRelationship[0]" classname="database.relationship.RelationshipPartitionSelectTest" time="0.075"/>
  <testcase name="testToManySelectRelationshipNoRelationshipCriteria[0]" classname="database.relationship.RelationshipPartitionSelectTest" time="0.047"/>
  <testcase name="testQuerySpecificPartition[0]" classname="database.relationship.RelationshipPartitionSelectTest" time="0.014"/>
  <testcase name="testToManySelectRelationshipNoRelationshipCriteriaOrderBy[0]" classname="database.relationship.RelationshipPartitionSelectTest" time="0.019"/>
  <testcase name="testToManySelectRelationshipOrderBy[0]" classname="database.relationship.RelationshipPartitionSelectTest" time="0.063"/>
  <testcase name="testSelectRelationshipOrderBy[0]" classname="database.relationship.RelationshipPartitionSelectTest" time="0.03"/>
  <testcase name="testInsert[0]" classname="database.relationship.RelationshipPartitionSelectTest" time="0.014"/>
  <testcase name="testQuerySpecificPartitionOrderBy[0]" classname="database.relationship.RelationshipPartitionSelectTest" time="0.02"/>
  <testcase name="testSelectAttributeOrderBy[0]" classname="database.relationship.RelationshipPartitionSelectTest" time="0.018"/>
  <testcase name="testSelectRelationship[1]" classname="database.relationship.RelationshipPartitionSelectTest" time="0.067"/>
  <testcase name="testInvalidQueryException[1]" classname="database.relationship.RelationshipPartitionSelectTest" time="0.041"/>
  <testcase name="testSelectAttribute[1]" classname="database.relationship.RelationshipPartitionSelectTest" time="0.053"/>
  <testcase name="testToManySelectRelationship[1]" classname="database.relationship.RelationshipPartitionSelectTest" time="0.069"/>
  <testcase name="testToManySelectRelationshipNoRelationshipCriteria[1]" classname="database.relationship.RelationshipPartitionSelectTest" time="0.05"/>
  <testcase name="testQuerySpecificPartition[1]" classname="database.relationship.RelationshipPartitionSelectTest" time="0.027"/>
  <testcase name="testToManySelectRelationshipNoRelationshipCriteriaOrderBy[1]" classname="database.relationship.RelationshipPartitionSelectTest" time="0.026"/>
  <testcase name="testToManySelectRelationshipOrderBy[1]" classname="database.relationship.RelationshipPartitionSelectTest" time="0.06"/>
  <testcase name="testSelectRelationshipOrderBy[1]" classname="database.relationship.RelationshipPartitionSelectTest" time="0.028"/>
  <testcase name="testInsert[1]" classname="database.relationship.RelationshipPartitionSelectTest" time="0.025"/>
  <testcase name="testQuerySpecificPartitionOrderBy[1]" classname="database.relationship.RelationshipPartitionSelectTest" time="0.041"/>
  <testcase name="testSelectAttributeOrderBy[1]" classname="database.relationship.RelationshipPartitionSelectTest" time="0.037"/>
  <testcase name="testSelectRelationship[2]" classname="database.relationship.RelationshipPartitionSelectTest" time="0.098"/>
  <testcase name="testInvalidQueryException[2]" classname="database.relationship.RelationshipPartitionSelectTest" time="0.088"/>
  <testcase name="testSelectAttribute[2]" classname="database.relationship.RelationshipPartitionSelectTest" time="0.069"/>
  <testcase name="testToManySelectRelationship[2]" classname="database.relationship.RelationshipPartitionSelectTest" time="0.136"/>
  <testcase name="testToManySelectRelationshipNoRelationshipCriteria[2]" classname="database.relationship.RelationshipPartitionSelectTest" time="0.113"/>
  <testcase name="testQuerySpecificPartition[2]" classname="database.relationship.RelationshipPartitionSelectTest" time="0.048"/>
  <testcase name="testToManySelectRelationshipNoRelationshipCriteriaOrderBy[2]" classname="database.relationship.RelationshipPartitionSelectTest" time="0.076"/>
  <testcase name="testToManySelectRelationshipOrderBy[2]" classname="database.relationship.RelationshipPartitionSelectTest" time="0.113"/>
  <testcase name="testSelectRelationshipOrderBy[2]" classname="database.relationship.RelationshipPartitionSelectTest" time="0.046"/>
  <testcase name="testInsert[2]" classname="database.relationship.RelationshipPartitionSelectTest" time="0.056"/>
  <testcase name="testQuerySpecificPartitionOrderBy[2]" classname="database.relationship.RelationshipPartitionSelectTest" time="0.057"/>
  <testcase name="testSelectAttributeOrderBy[2]" classname="database.relationship.RelationshipPartitionSelectTest" time="0.042"/>
  <system-out><![CDATA[]]></system-out>
  <system-err><![CDATA[]]></system-err>
</testsuite>
