<?xml version="1.0" encoding="UTF-8"?>
<testsuite name="database.functions.SelectFunctionTest" tests="36" skipped="0" failures="0" errors="0" timestamp="2021-05-15T17:24:26" hostname="Tims-MBP" time="0.725">
  <properties/>
  <testcase name="testLower[0]" classname="database.functions.SelectFunctionTest" time="0.033"/>
  <testcase name="testUpper[0]" classname="database.functions.SelectFunctionTest" time="0.013"/>
  <testcase name="testFlatFunctionsForSingleMaxWithRelationshipValue[0]" classname="database.functions.SelectFunctionTest" time="0.016"/>
  <testcase name="testLowerOrderByWithoutFunction[0]" classname="database.functions.SelectFunctionTest" time="0.011"/>
  <testcase name="testUpperGroupBy[0]" classname="database.functions.SelectFunctionTest" time="0.016"/>
  <testcase name="testMaxDate[0]" classname="database.functions.SelectFunctionTest" time="0.053"/>
  <testcase name="testReplace[0]" classname="database.functions.SelectFunctionTest" time="0.013"/>
  <testcase name="testFlatFunctions[0]" classname="database.functions.SelectFunctionTest" time="0.016"/>
  <testcase name="testSubstring[0]" classname="database.functions.SelectFunctionTest" time="0.014"/>
  <testcase name="testFlatFunctionsForSingleMax[0]" classname="database.functions.SelectFunctionTest" time="0.004"/>
  <testcase name="testFlatFunctionsNonDistinct[0]" classname="database.functions.SelectFunctionTest" time="0.011"/>
  <testcase name="testLowerOrderBy[0]" classname="database.functions.SelectFunctionTest" time="0.003"/>
  <testcase name="testLower[1]" classname="database.functions.SelectFunctionTest" time="0.058"/>
  <testcase name="testUpper[1]" classname="database.functions.SelectFunctionTest" time="0.028"/>
  <testcase name="testFlatFunctionsForSingleMaxWithRelationshipValue[1]" classname="database.functions.SelectFunctionTest" time="0.023"/>
  <testcase name="testLowerOrderByWithoutFunction[1]" classname="database.functions.SelectFunctionTest" time="0.027"/>
  <testcase name="testUpperGroupBy[1]" classname="database.functions.SelectFunctionTest" time="0.016"/>
  <testcase name="testMaxDate[1]" classname="database.functions.SelectFunctionTest" time="0.031"/>
  <testcase name="testReplace[1]" classname="database.functions.SelectFunctionTest" time="0.018"/>
  <testcase name="testFlatFunctions[1]" classname="database.functions.SelectFunctionTest" time="0.023"/>
  <testcase name="testSubstring[1]" classname="database.functions.SelectFunctionTest" time="0.009"/>
  <testcase name="testFlatFunctionsForSingleMax[1]" classname="database.functions.SelectFunctionTest" time="0.011"/>
  <testcase name="testFlatFunctionsNonDistinct[1]" classname="database.functions.SelectFunctionTest" time="0.01"/>
  <testcase name="testLowerOrderBy[1]" classname="database.functions.SelectFunctionTest" time="0.013"/>
  <testcase name="testLower[2]" classname="database.functions.SelectFunctionTest" time="0.045"/>
  <testcase name="testUpper[2]" classname="database.functions.SelectFunctionTest" time="0.016"/>
  <testcase name="testFlatFunctionsForSingleMaxWithRelationshipValue[2]" classname="database.functions.SelectFunctionTest" time="0.016"/>
  <testcase name="testLowerOrderByWithoutFunction[2]" classname="database.functions.SelectFunctionTest" time="0.017"/>
  <testcase name="testUpperGroupBy[2]" classname="database.functions.SelectFunctionTest" time="0.011"/>
  <testcase name="testMaxDate[2]" classname="database.functions.SelectFunctionTest" time="0.031"/>
  <testcase name="testReplace[2]" classname="database.functions.SelectFunctionTest" time="0.015"/>
  <testcase name="testFlatFunctions[2]" classname="database.functions.SelectFunctionTest" time="0.01"/>
  <testcase name="testSubstring[2]" classname="database.functions.SelectFunctionTest" time="0.018"/>
  <testcase name="testFlatFunctionsForSingleMax[2]" classname="database.functions.SelectFunctionTest" time="0.015"/>
  <testcase name="testFlatFunctionsNonDistinct[2]" classname="database.functions.SelectFunctionTest" time="0.011"/>
  <testcase name="testLowerOrderBy[2]" classname="database.functions.SelectFunctionTest" time="0.028"/>
  <system-out><![CDATA[]]></system-out>
  <system-err><![CDATA[]]></system-err>
</testsuite>
