<?xml version="1.0" encoding="UTF-8"?>
<testsuite name="database.list.EmptyCriteriaTest" tests="6" skipped="0" failures="0" errors="0" timestamp="2021-05-15T17:24:19" hostname="Tims-MBP" time="0.081">
  <properties/>
  <testcase name="testEmptyCriteria[0]" classname="database.list.EmptyCriteriaTest" time="0.011"/>
  <testcase name="testEmptyCriteriaOnInt[0]" classname="database.list.EmptyCriteriaTest" time="0.003"/>
  <testcase name="testEmptyCriteria[1]" classname="database.list.EmptyCriteriaTest" time="0.017"/>
  <testcase name="testEmptyCriteriaOnInt[1]" classname="database.list.EmptyCriteriaTest" time="0.009"/>
  <testcase name="testEmptyCriteria[2]" classname="database.list.EmptyCriteriaTest" time="0.02"/>
  <testcase name="testEmptyCriteriaOnInt[2]" classname="database.list.EmptyCriteriaTest" time="0.021"/>
  <system-out><![CDATA[]]></system-out>
  <system-err><![CDATA[]]></system-err>
</testsuite>
