<?xml version="1.0" encoding="UTF-8"?>
<testsuite name="database.stream.EntityStreamTest" tests="12" skipped="2" failures="0" errors="0" timestamp="2021-05-15T17:23:47" hostname="Tims-MBP" time="0.305">
  <properties/>
  <testcase name="testBasicQueryStream[0]" classname="database.stream.EntityStreamTest" time="0.037"/>
  <testcase name="testBasicQueryStreamByClassLoading[0]" classname="database.stream.EntityStreamTest" time="0.009"/>
  <testcase name="testBasicQueryStreamDictionaryByClassLoading[0]" classname="database.stream.EntityStreamTest" time="0.022"/>
  <testcase name="testStreamAsDictionary[0]" classname="database.stream.EntityStreamTest" time="0.025"/>
  <testcase name="testBasicQueryStream[1]" classname="database.stream.EntityStreamTest" time="0.058"/>
  <testcase name="testBasicQueryStreamByClassLoading[1]" classname="database.stream.EntityStreamTest" time="0.034"/>
  <testcase name="testBasicQueryStreamDictionaryByClassLoading[1]" classname="database.stream.EntityStreamTest" time="0.022"/>
  <testcase name="testStreamAsDictionary[1]" classname="database.stream.EntityStreamTest" time="0.024"/>
  <testcase name="testBasicQueryStream[2]" classname="database.stream.EntityStreamTest" time="0.024">
    <skipped/>
  </testcase>
  <testcase name="testBasicQueryStreamByClassLoading[2]" classname="database.stream.EntityStreamTest" time="0.027"/>
  <testcase name="testBasicQueryStreamDictionaryByClassLoading[2]" classname="database.stream.EntityStreamTest" time="0.013"/>
  <testcase name="testStreamAsDictionary[2]" classname="database.stream.EntityStreamTest" time="0.008">
    <skipped/>
  </testcase>
  <system-out><![CDATA[]]></system-out>
  <system-err><![CDATA[]]></system-err>
</testsuite>
