<?xml version="1.0" encoding="UTF-8"?>
<testsuite name="database.SystemEntityTest" tests="6" skipped="0" failures="0" errors="0" timestamp="2021-05-15T17:24:30" hostname="Tims-MBP" time="0.05">
  <properties/>
  <testcase name="testQuerySystemEntities[0]" classname="database.SystemEntityTest" time="0.003"/>
  <testcase name="testQueryLatestVersionSystemEntities[0]" classname="database.SystemEntityTest" time="0.003"/>
  <testcase name="testQuerySystemEntities[1]" classname="database.SystemEntityTest" time="0.012"/>
  <testcase name="testQueryLatestVersionSystemEntities[1]" classname="database.SystemEntityTest" time="0.009"/>
  <testcase name="testQuerySystemEntities[2]" classname="database.SystemEntityTest" time="0.013"/>
  <testcase name="testQueryLatestVersionSystemEntities[2]" classname="database.SystemEntityTest" time="0.01"/>
  <system-out><![CDATA[]]></system-out>
  <system-err><![CDATA[]]></system-err>
</testsuite>
