<?xml version="1.0" encoding="UTF-8"?>
<testsuite name="zstartup.TestRemoteDatabaseInitialization" tests="6" skipped="0" failures="0" errors="0" timestamp="2021-05-15T17:26:06" hostname="Tims-MBP" time="60.207">
  <properties/>
  <testcase name="aTestInitializeDatabase" classname="zstartup.TestRemoteDatabaseInitialization" time="0.036"/>
  <testcase name="bTestInvalidCredentials" classname="zstartup.TestRemoteDatabaseInitialization" time="0.013"/>
  <testcase name="testDataFileIsNotAccessible" classname="zstartup.TestRemoteDatabaseInitialization" time="0.006"/>
  <testcase name="testPersistentConnection" classname="zstartup.TestRemoteDatabaseInitialization" time="30.071"/>
  <testcase name="testPersistentConnectionNotReOpened" classname="zstartup.TestRemoteDatabaseInitialization" time="30.042"/>
  <testcase name="testTryConnectBeforeStart" classname="zstartup.TestRemoteDatabaseInitialization" time="0.032"/>
  <system-out><![CDATA[]]></system-out>
  <system-err><![CDATA[]]></system-err>
</testsuite>
