<?xml version="1.0" encoding="UTF-8"?>
<testsuite name="zstartup.TestEmbeddedDatabaseInitialization" tests="3" skipped="1" failures="0" errors="0" timestamp="2021-05-15T17:26:06" hostname="Tims-MBP" time="0.074">
  <properties/>
  <testcase name="testInitializeDatabase" classname="zstartup.TestEmbeddedDatabaseInitialization" time="0.035"/>
  <testcase name="testDataFileIsNotAccessible" classname="zstartup.TestEmbeddedDatabaseInitialization" time="0.0">
    <skipped/>
  </testcase>
  <testcase name="testInvalidCredentials" classname="zstartup.TestEmbeddedDatabaseInitialization" time="0.033"/>
  <system-out><![CDATA[]]></system-out>
  <system-err><![CDATA[]]></system-err>
</testsuite>
