<?xml version="1.0" encoding="UTF-8"?>
<testsuite name="database.list.OrderByTest" tests="24" skipped="0" failures="0" errors="0" timestamp="2021-05-15T17:24:19" hostname="Tims-MBP" time="0.348">
  <properties/>
  <testcase name="testOrderByDateDesc[0]" classname="database.list.OrderByTest" time="0.01"/>
  <testcase name="testOrderByIntDesc[0]" classname="database.list.OrderByTest" time="0.01"/>
  <testcase name="testOrderByIntAsc[0]" classname="database.list.OrderByTest" time="0.004"/>
  <testcase name="testOrderByNumber[0]" classname="database.list.OrderByTest" time="0.004"/>
  <testcase name="testOrderByString[0]" classname="database.list.OrderByTest" time="0.009"/>
  <testcase name="testOrderByDoubleDesc[0]" classname="database.list.OrderByTest" time="0.012"/>
  <testcase name="testOrderByDateAsc[0]" classname="database.list.OrderByTest" time="0.008"/>
  <testcase name="testOrderByDoubleAsc[0]" classname="database.list.OrderByTest" time="0.012"/>
  <testcase name="testOrderByDateDesc[1]" classname="database.list.OrderByTest" time="0.03"/>
  <testcase name="testOrderByIntDesc[1]" classname="database.list.OrderByTest" time="0.013"/>
  <testcase name="testOrderByIntAsc[1]" classname="database.list.OrderByTest" time="0.013"/>
  <testcase name="testOrderByNumber[1]" classname="database.list.OrderByTest" time="0.011"/>
  <testcase name="testOrderByString[1]" classname="database.list.OrderByTest" time="0.012"/>
  <testcase name="testOrderByDoubleDesc[1]" classname="database.list.OrderByTest" time="0.012"/>
  <testcase name="testOrderByDateAsc[1]" classname="database.list.OrderByTest" time="0.01"/>
  <testcase name="testOrderByDoubleAsc[1]" classname="database.list.OrderByTest" time="0.01"/>
  <testcase name="testOrderByDateDesc[2]" classname="database.list.OrderByTest" time="0.018"/>
  <testcase name="testOrderByIntDesc[2]" classname="database.list.OrderByTest" time="0.014"/>
  <testcase name="testOrderByIntAsc[2]" classname="database.list.OrderByTest" time="0.028"/>
  <testcase name="testOrderByNumber[2]" classname="database.list.OrderByTest" time="0.051"/>
  <testcase name="testOrderByString[2]" classname="database.list.OrderByTest" time="0.016"/>
  <testcase name="testOrderByDoubleDesc[2]" classname="database.list.OrderByTest" time="0.009"/>
  <testcase name="testOrderByDateAsc[2]" classname="database.list.OrderByTest" time="0.009"/>
  <testcase name="testOrderByDoubleAsc[2]" classname="database.list.OrderByTest" time="0.008"/>
  <system-out><![CDATA[]]></system-out>
  <system-err><![CDATA[]]></system-err>
</testsuite>
