<?xml version="1.0" encoding="UTF-8"?>
<testsuite name="database.query.UpdateQueryTest" tests="9" skipped="0" failures="0" errors="0" timestamp="2021-05-15T17:25:39" hostname="Tims-MBP" time="0.098">
  <properties/>
  <testcase name="testExecuteUpdateMultipleQuery[0]" classname="database.query.UpdateQueryTest" time="0.004"/>
  <testcase name="testExecuteUpdateQuery[0]" classname="database.query.UpdateQueryTest" time="0.004"/>
  <testcase name="testExecuteUpdateMultipleFieldsQuery[0]" classname="database.query.UpdateQueryTest" time="0.003"/>
  <testcase name="testExecuteUpdateMultipleQuery[1]" classname="database.query.UpdateQueryTest" time="0.012"/>
  <testcase name="testExecuteUpdateQuery[1]" classname="database.query.UpdateQueryTest" time="0.025"/>
  <testcase name="testExecuteUpdateMultipleFieldsQuery[1]" classname="database.query.UpdateQueryTest" time="0.012"/>
  <testcase name="testExecuteUpdateMultipleQuery[2]" classname="database.query.UpdateQueryTest" time="0.01"/>
  <testcase name="testExecuteUpdateQuery[2]" classname="database.query.UpdateQueryTest" time="0.013"/>
  <testcase name="testExecuteUpdateMultipleFieldsQuery[2]" classname="database.query.UpdateQueryTest" time="0.014"/>
  <system-out><![CDATA[]]></system-out>
  <system-err><![CDATA[]]></system-err>
</testsuite>
