<?xml version="1.0" encoding="UTF-8"?>
<testsuite name="database.partition.RelationshipPartitionTest" tests="24" skipped="0" failures="0" errors="0" timestamp="2021-05-15T17:24:28" hostname="Tims-MBP" time="0.415">
  <properties/>
  <testcase name="testDeleteEntityAsRelationshipOneToMany[0]" classname="database.partition.RelationshipPartitionTest" time="0.022"/>
  <testcase name="testDeleteEntityWithRelationshipManyToMany[0]" classname="database.partition.RelationshipPartitionTest" time="0.022"/>
  <testcase name="testDeleteEntityWithRelationshipToOne[0]" classname="database.partition.RelationshipPartitionTest" time="0.016"/>
  <testcase name="testInitializeToMany[0]" classname="database.partition.RelationshipPartitionTest" time="0.005"/>
  <testcase name="testSaveEntityAsRelationshipOneToMany[0]" classname="database.partition.RelationshipPartitionTest" time="0.003"/>
  <testcase name="testSaveEntityWithRelationshipManyToMany[0]" classname="database.partition.RelationshipPartitionTest" time="0.005"/>
  <testcase name="testSaveEntityWithRelationshipToOne[0]" classname="database.partition.RelationshipPartitionTest" time="0.015"/>
  <testcase name="testUpdateEntityAsRelationshipOneToMany[0]" classname="database.partition.RelationshipPartitionTest" time="0.013"/>
  <testcase name="testDeleteEntityAsRelationshipOneToMany[1]" classname="database.partition.RelationshipPartitionTest" time="0.028"/>
  <testcase name="testDeleteEntityWithRelationshipManyToMany[1]" classname="database.partition.RelationshipPartitionTest" time="0.017"/>
  <testcase name="testDeleteEntityWithRelationshipToOne[1]" classname="database.partition.RelationshipPartitionTest" time="0.024"/>
  <testcase name="testInitializeToMany[1]" classname="database.partition.RelationshipPartitionTest" time="0.013"/>
  <testcase name="testSaveEntityAsRelationshipOneToMany[1]" classname="database.partition.RelationshipPartitionTest" time="0.015"/>
  <testcase name="testSaveEntityWithRelationshipManyToMany[1]" classname="database.partition.RelationshipPartitionTest" time="0.046"/>
  <testcase name="testSaveEntityWithRelationshipToOne[1]" classname="database.partition.RelationshipPartitionTest" time="0.013"/>
  <testcase name="testUpdateEntityAsRelationshipOneToMany[1]" classname="database.partition.RelationshipPartitionTest" time="0.022"/>
  <testcase name="testDeleteEntityAsRelationshipOneToMany[2]" classname="database.partition.RelationshipPartitionTest" time="0.018"/>
  <testcase name="testDeleteEntityWithRelationshipManyToMany[2]" classname="database.partition.RelationshipPartitionTest" time="0.024"/>
  <testcase name="testDeleteEntityWithRelationshipToOne[2]" classname="database.partition.RelationshipPartitionTest" time="0.011"/>
  <testcase name="testInitializeToMany[2]" classname="database.partition.RelationshipPartitionTest" time="0.006"/>
  <testcase name="testSaveEntityAsRelationshipOneToMany[2]" classname="database.partition.RelationshipPartitionTest" time="0.035"/>
  <testcase name="testSaveEntityWithRelationshipManyToMany[2]" classname="database.partition.RelationshipPartitionTest" time="0.012"/>
  <testcase name="testSaveEntityWithRelationshipToOne[2]" classname="database.partition.RelationshipPartitionTest" time="0.008"/>
  <testcase name="testUpdateEntityAsRelationshipOneToMany[2]" classname="database.partition.RelationshipPartitionTest" time="0.016"/>
  <system-out><![CDATA[]]></system-out>
  <system-err><![CDATA[]]></system-err>
</testsuite>
