<?xml version="1.0" encoding="UTF-8"?>
<testsuite name="database.list.MutableEqualsNullTest" tests="18" skipped="0" failures="0" errors="0" timestamp="2021-05-15T17:24:21" hostname="Tims-MBP" time="0.176">
  <properties/>
  <testcase name="testIntEqualsNull[0]" classname="database.list.MutableEqualsNullTest" time="0.003"/>
  <testcase name="testDoubleEqualsNull[0]" classname="database.list.MutableEqualsNullTest" time="0.002"/>
  <testcase name="testBooleanEqualsNull[0]" classname="database.list.MutableEqualsNullTest" time="0.009"/>
  <testcase name="testStringEqualsNull[0]" classname="database.list.MutableEqualsNullTest" time="0.004"/>
  <testcase name="testDateEqualsNull[0]" classname="database.list.MutableEqualsNullTest" time="0.003"/>
  <testcase name="testLongEqualsNull[0]" classname="database.list.MutableEqualsNullTest" time="0.003"/>
  <testcase name="testIntEqualsNull[1]" classname="database.list.MutableEqualsNullTest" time="0.011"/>
  <testcase name="testDoubleEqualsNull[1]" classname="database.list.MutableEqualsNullTest" time="0.009"/>
  <testcase name="testBooleanEqualsNull[1]" classname="database.list.MutableEqualsNullTest" time="0.019"/>
  <testcase name="testStringEqualsNull[1]" classname="database.list.MutableEqualsNullTest" time="0.04"/>
  <testcase name="testDateEqualsNull[1]" classname="database.list.MutableEqualsNullTest" time="0.013"/>
  <testcase name="testLongEqualsNull[1]" classname="database.list.MutableEqualsNullTest" time="0.009"/>
  <testcase name="testIntEqualsNull[2]" classname="database.list.MutableEqualsNullTest" time="0.008"/>
  <testcase name="testDoubleEqualsNull[2]" classname="database.list.MutableEqualsNullTest" time="0.008"/>
  <testcase name="testBooleanEqualsNull[2]" classname="database.list.MutableEqualsNullTest" time="0.008"/>
  <testcase name="testStringEqualsNull[2]" classname="database.list.MutableEqualsNullTest" time="0.007"/>
  <testcase name="testDateEqualsNull[2]" classname="database.list.MutableEqualsNullTest" time="0.008"/>
  <testcase name="testLongEqualsNull[2]" classname="database.list.MutableEqualsNullTest" time="0.007"/>
  <system-out><![CDATA[]]></system-out>
  <system-err><![CDATA[]]></system-err>
</testsuite>
