<?xml version="1.0" encoding="UTF-8"?>
<testsuite name="database.relationship.InvalidRelationshipTest" tests="6" skipped="0" failures="0" errors="0" timestamp="2021-05-15T17:23:49" hostname="Tims-MBP" time="0.223">
  <properties/>
  <testcase name="testInvalidOneToManyWithNonListType[0]" classname="database.relationship.InvalidRelationshipTest" time="0.033"/>
  <testcase name="testInvalidOneToOneWithListType[0]" classname="database.relationship.InvalidRelationshipTest" time="0.031"/>
  <testcase name="testInvalidOneToManyWithNonListType[1]" classname="database.relationship.InvalidRelationshipTest" time="0.026"/>
  <testcase name="testInvalidOneToOneWithListType[1]" classname="database.relationship.InvalidRelationshipTest" time="0.01"/>
  <testcase name="testInvalidOneToManyWithNonListType[2]" classname="database.relationship.InvalidRelationshipTest" time="0.048"/>
  <testcase name="testInvalidOneToOneWithListType[2]" classname="database.relationship.InvalidRelationshipTest" time="0.072"/>
  <system-out><![CDATA[]]></system-out>
  <system-err><![CDATA[]]></system-err>
</testsuite>
